<?xml version="1.0" encoding="UTF-8"?>
<testng-results skipped="0" failed="0" ignored="0" total="1" passed="1">
  <reporter-output>
  </reporter-output>
  <suite name="Default suite" duration-ms="32364" started-at="2019-10-07T22:58:23 BST" finished-at="2019-10-07T22:58:55 BST">
    <groups>
    </groups>
    <test name="Default test" duration-ms="32364" started-at="2019-10-07T22:58:23 BST" finished-at="2019-10-07T22:58:55 BST">
      <class name="com.qa.test.AddToCartTest">
        <test-method status="PASS" signature="setUp()[pri:0, instance:com.qa.test.AddToCartTest@185d8b6]" name="setUp" is-config="true" duration-ms="17562" started-at="2019-10-07T22:58:23 BST" finished-at="2019-10-07T22:58:40 BST">
          <reporter-output>
          </reporter-output>
        </test-method> <!-- setUp -->
        <test-method status="PASS" signature="ValidateAddToCart()[pri:0, instance:com.qa.test.AddToCartTest@185d8b6]" name="ValidateAddToCart" duration-ms="14666" started-at="2019-10-07T22:58:40 BST" finished-at="2019-10-07T22:58:55 BST">
          <reporter-output>
          </reporter-output>
        </test-method> <!-- ValidateAddToCart -->
      </class> <!-- com.qa.test.AddToCartTest -->
    </test> <!-- Default test -->
  </suite> <!-- Default suite -->
</testng-results>
